[WARNING] [Seaf] 2014-03-13 21-06-09 起動
[WARNING] [PHP] 2014-03-13 21-09-36 Missing argument 1 for Seaf\Kernel\Module\Logger::__invoke() f/src/Kernel/Module/Logger.php 31
[WARNING] [PHP] 2014-03-13 21-09-36 Undefined variable: config f/src/Kernel/Module/Logger.php 33
[WARNING] [PHP] 2014-03-13 21-09-36 Invalid argument supplied for foreach() f/src/Kernel/Module/Logger.php 33
[WARNING] [PHP] 2014-03-13 21-22-35 Undefined variable: fund port/project/seaf/src/Seaf.php 101
[WARNING] [Seaf] 2014-03-13 21-22-35 p18nの__autoload.phpが見つかりません
[WARNING] [PHP] 2014-03-13 21-22-51 Undefined variable: fund port/project/seaf/src/Seaf.php 102
[WARNING] [Seaf] 2014-03-13 21-22-51 p18nの__autoload.phpが見つかりません
[WARNING] [PHP] 2014-03-13 21-23-28 Undefined variable: fund port/project/seaf/src/Seaf.php 102
[WARNING] [Seaf] 2014-03-13 21-23-28 p18nの__autoload.phpが見つかりません
[WARNING] [PHP] 2014-03-13 21-23-38 Undefined variable: fund port/project/seaf/src/Seaf.php 102
[WARNING] [Seaf] 2014-03-13 21-23-38 p18nの__autoload.phpが見つかりません
[WARNING] [Seaf] 2014-03-13 21-23-52 p18nの__autoload.phpが見つかりません
[WARNING] [Seaf] 2014-03-13 21-24-04 p18nの__autoload.phpが見つかりません
[WARNING] [PHP] 2014-03-13 21-24-13 Undefined variable: module_dirs port/project/seaf/src/Seaf.php 95
[WARNING] [Seaf] 2014-03-13 21-24-13 p18nの__autoload.phpが見つかりません
[WARNING] [PHP] 2014-03-13 21-24-29 Undefined variable: module_dirs port/project/seaf/src/Seaf.php 95
[WARNING] [PHP] 2014-03-13 21-25-15 Undefined variable: module_dirs port/project/seaf/src/Seaf.php 95
[WARNING] [Seaf] 2014-03-13 21-25-15 p18nの__autoload.phpが見つかりません
[WARNING] [Seaf] 2014-03-13 21-25-32 p18nの__autoload.phpが見つかりません
[WARNING] [Seaf] 2014-03-13 21-25-56 p18nの__autoload.phpが見つかりません
[WARNING] [Seaf] 2014-03-13 21-26-00 p18nの__autoload.phpが見つかりません
[WARNING] [Seaf] 2014-03-13 21-26-08 p18nの__autoload.phpが見つかりません
[DEBUG] [Seaf] 2014-03-13 21-30-14 起動 ...port/project/seaf/src/Seaf.php 72
[DEBUG] [Seaf] 2014-03-13 21-33-17 起動 ...port/project/seaf/src/Seaf.php 72
[DEBUG] [Seaf] 2014-03-13 21-33-23 起動 ...port/project/seaf/src/Seaf.php 72
[DEBUG] [Seaf] 2014-03-13 21-35-22 起動 ...port/project/seaf/src/Seaf.php 75
[DEBUG] [Seaf] 2014-03-13 21-35-45 起動 ...port/project/seaf/src/Seaf.php 75
[DEBUG] [Seaf] 2014-03-13 21-36-07 起動 ...port/project/seaf/src/Seaf.php 75
[DEBUG] [Seaf] 2014-03-13 21-36-27 起動 ...port/project/seaf/src/Seaf.php 75
[DEBUG] [Seaf] 2014-03-13 21-36-46 起動 ...port/project/seaf/src/Seaf.php 75
[DEBUG] [Seaf] 2014-03-13 21-36-52 起動 ...port/project/seaf/src/Seaf.php 75
[DEBUG] [Seaf] 2014-03-13 21-37-21 起動 ...port/project/seaf/src/Seaf.php 89
[DEBUG] [Seaf] 2014-03-13 21-37-45 起動 ...port/project/seaf/src/Seaf.php 75
[DEBUG] [Seaf] 2014-03-13 21-37-53 起動 ...port/project/seaf/src/Seaf.php 75
[DEBUG] [Seaf] 2014-03-13 21-38-18 起動 ...port/project/seaf/src/Seaf.php 75
[DEBUG] [Seaf] 2014-03-13 21-38-37 起動 ...port/project/seaf/src/Seaf.php 75
[DEBUG] [Seaf] 2014-03-13 21-38-56 起動 ...port/project/seaf/src/Seaf.php 75
[DEBUG] [Seaf] 2014-03-13 21-39-23 起動 ...port/project/seaf/src/Seaf.php 75
[DEBUG] [Seaf] 2014-03-13 21-39-28 起動 ...port/project/seaf/src/Seaf.php 75
[DEBUG] [Seaf] 2014-03-13 21-39-41 起動 ...port/project/seaf/src/Seaf.php 75
[DEBUG] [Seaf] 2014-03-13 21-39-56 起動 ...port/project/seaf/src/Seaf.php 75
[DEBUG] [Seaf] 2014-03-13 21-41-07 起動 ...port/project/seaf/src/Seaf.php 75
[DEBUG] [Seaf] 2014-03-13 21-41-07 正常終了しました ...port/project/seaf/src/Seaf.php 97
[DEBUG] [Seaf] 2014-03-13 21-41-16 起動 ...port/project/seaf/src/Seaf.php 75
[EMERGENCY] [PHP] 2014-03-13 21-41-16 Class 'Seaf\Environment\Environment' not found /seaf/src/Module/P18n/P18n.php 16 ...port/project/seaf/src/Seaf.php 94
[DEBUG] [Seaf] 2014-03-13 21-41-16 エラー終了しました ...port/project/seaf/src/Seaf.php 95
[DEBUG] [Seaf] 2014-03-13 21-42-36 起動 ...port/project/seaf/src/Seaf.php 75
[EMERGENCY] [PHP] 2014-03-13 21-42-36 Class 'Seaf\Environment\Environment' not found /seaf/src/Module/P18n/P18n.php 16 ...port/project/seaf/src/Seaf.php 95
[DEBUG] [Seaf] 2014-03-13 21-42-36 エラー終了しました ...port/project/seaf/src/Seaf.php 96
[DEBUG] [Seaf] 2014-03-13 21-43-15 起動 ...port/project/seaf/src/Seaf.php 75
[EMERGENCY] [PHP] 2014-03-13 21-43-15 Class 'Seaf\Environment\Environment' not found /seaf/src/Module/P18n/P18n.php 16 ...port/project/seaf/src/Seaf.php 95
[DEBUG] [Seaf] 2014-03-13 21-43-15 エラー終了しました ...port/project/seaf/src/Seaf.php 96
[DEBUG] [Seaf] 2014-03-13 21-44-55 起動 ...port/project/seaf/src/Seaf.php 75
[EMERGENCY] [PHP] 2014-03-13 21-44-55 Class 'Seaf\Environment\Environment' not found /seaf/src/Module/P18n/P18n.php 16 ...port/project/seaf/src/Seaf.php 102
[DEBUG] [Seaf] 2014-03-13 21-44-55 エラー終了しました ...port/project/seaf/src/Seaf.php 103
[DEBUG] [Seaf] 2014-03-13 21-45-22 起動 ...port/project/seaf/src/Seaf.php 75
[EMERGENCY] [PHP] 2014-03-13 21-45-22 Undefined class constant 'DEFAULT_LANG' port/project/seaf/src/Seaf.php 84 ...port/project/seaf/src/Seaf.php 104
[DEBUG] [Seaf] 2014-03-13 21-45-22 エラー終了しました ...port/project/seaf/src/Seaf.php 105
[DEBUG] [Seaf] 2014-03-13 21-45-41 起動 ...port/project/seaf/src/Seaf.php 78
[DEBUG] [Seaf] 2014-03-13 21-45-41 正常終了しました ...port/project/seaf/src/Seaf.php 110
[DEBUG] [Seaf] 2014-03-13 21-49-10 起動 ...port/project/seaf/src/Seaf.php 78
[DEBUG] [Seaf] 2014-03-13 21-49-10 正常終了しました ...port/project/seaf/src/Seaf.php 110
[DEBUG] [Seaf] 2014-03-13 21-49-46 起動 ...port/project/seaf/src/Seaf.php 78
[EMERGENCY] [PHP] 2014-03-13 21-49-46 Class 'Seaf\Environment\Environment' not found /seaf/src/Module/P18n/P18n.php 16 ...port/project/seaf/src/Seaf.php 105
[DEBUG] [Seaf] 2014-03-13 21-49-46 エラー終了しました ...port/project/seaf/src/Seaf.php 106
[DEBUG] [Seaf] 2014-03-13 21-50-14 起動 ...port/project/seaf/src/Seaf.php 78
[EMERGENCY] [PHP] 2014-03-13 21-50-14 Class 'Seaf\Environment\Environment' not found /seaf/src/Module/P18n/P18n.php 16 ...port/project/seaf/src/Seaf.php 105
[DEBUG] [Seaf] 2014-03-13 21-50-14 エラー終了しました ...port/project/seaf/src/Seaf.php 106
[DEBUG] [Seaf] 2014-03-13 21-50-41 起動 ...port/project/seaf/src/Seaf.php 78
[EMERGENCY] [PHP] 2014-03-13 21-50-41 Class 'Seaf\Environment\Environment' not found /seaf/src/Module/P18n/P18n.php 16 ...port/project/seaf/src/Seaf.php 105
[DEBUG] [Seaf] 2014-03-13 21-50-41 エラー終了しました ...port/project/seaf/src/Seaf.php 106
[DEBUG] [Seaf] 2014-03-13 21-54-59 起動 ...port/project/seaf/src/Seaf.php 78
[DEBUG] [Seaf] 2014-03-13 21-54-59 p18nを有効にしました ...port/project/seaf/src/Seaf.php 140
[DEBUG] [Seaf] 2014-03-13 21-54-59 正常終了しました ...port/project/seaf/src/Seaf.php 108
[DEBUG] [Seaf] 2014-03-13 21-55-34 起動 ...port/project/seaf/src/Seaf.php 78
[DEBUG] [Seaf] 2014-03-13 21-55-34 p18nを有効にしました ...port/project/seaf/src/Seaf.php 142
[DEBUG] [Seaf] 2014-03-13 21-55-34 正常終了しました ...port/project/seaf/src/Seaf.php 110
[DEBUG] [Seaf] 2014-03-13 21-56-28 起動 ...port/project/seaf/src/Seaf.php 78
[DEBUG] [Seaf] 2014-03-13 21-56-28 p18nを有効にしました ...port/project/seaf/src/Seaf.php 142
[DEBUG] [Seaf] 2014-03-13 21-56-28 正常終了しました ...port/project/seaf/src/Seaf.php 110
[DEBUG] [Seaf] 2014-03-13 21-58-35 起動 ...port/project/seaf/src/Seaf.php 78
[DEBUG] [Seaf] 2014-03-13 21-58-35 p18nを有効にしました ...port/project/seaf/src/Seaf.php 142
[DEBUG] [Seaf] 2014-03-13 21-58-35 正常終了しました ...port/project/seaf/src/Seaf.php 110
[DEBUG] [Seaf] 2014-03-13 21-59-07 起動 ...port/project/seaf/src/Seaf.php 78
[DEBUG] [Seaf] 2014-03-13 21-59-07 p18nを有効にしました ...port/project/seaf/src/Seaf.php 142
[DEBUG] [Seaf] 2014-03-13 21-59-07 正常終了しました ...port/project/seaf/src/Seaf.php 110
[DEBUG] [Seaf] 2014-03-13 21-59-26 起動 ...port/project/seaf/src/Seaf.php 78
[DEBUG] [Seaf] 2014-03-13 21-59-26 p18nを有効にしました ...port/project/seaf/src/Seaf.php 142
[DEBUG] [Seaf] 2014-03-13 21-59-26 正常終了しました ...port/project/seaf/src/Seaf.php 110
[DEBUG] [Seaf] 2014-03-13 22-01-05 起動 ...port/project/seaf/src/Seaf.php 78
[DEBUG] [Seaf] 2014-03-13 22-01-05 p18nを有効にしました ...port/project/seaf/src/Seaf.php 142
[DEBUG] [Seaf] 2014-03-13 22-01-05 正常終了しました ...port/project/seaf/src/Seaf.php 110
[DEBUG] [Seaf] 2014-03-13 22-01-49 起動 ...port/project/seaf/src/Seaf.php 78
[DEBUG] [Seaf] 2014-03-13 22-01-49 p18nを有効にしました ...port/project/seaf/src/Seaf.php 140
[DEBUG] [Seaf] 2014-03-13 22-01-49 正常終了しました ...port/project/seaf/src/Seaf.php 108
[DEBUG] [Seaf] 2014-03-14 14-01-10 起動 ...port/project/seaf/src/Seaf.php 78
[DEBUG] [Seaf] 2014-03-14 14-01-10 p18nを有効にしました ...port/project/seaf/src/Seaf.php 140
[EMERGENCY] [PHP] 2014-03-14 14-01-10 Class Seaf\Environment\Environment contains 1 abstract method and must therefore be declared abstract or implement the remaining methods (Seaf\Environment\Environment::callFallBack) rc/Environment/Environment.php 13 ...port/project/seaf/src/Seaf.php 105
[DEBUG] [Seaf] 2014-03-14 14-01-10 エラー終了しました ...port/project/seaf/src/Seaf.php 106
[DEBUG] [Seaf] 2014-03-14 14-02-11 起動 ...port/project/seaf/src/Seaf.php 78
[DEBUG] [Seaf] 2014-03-14 14-02-11 p18nを有効にしました ...port/project/seaf/src/Seaf.php 140
[DEBUG] [Seaf] 2014-03-14 14-02-11 正常終了しました ...port/project/seaf/src/Seaf.php 108
[DEBUG] [Seaf] 2014-03-14 14-03-11 起動 ...port/project/seaf/src/Seaf.php 78
[DEBUG] [Seaf] 2014-03-14 14-03-11 p18nを有効にしました ...port/project/seaf/src/Seaf.php 140
[DEBUG] [Seaf] 2014-03-14 14-03-11 正常終了しました ...port/project/seaf/src/Seaf.php 108
[DEBUG] [Seaf] 2014-03-14 14-03-14 起動 ...port/project/seaf/src/Seaf.php 78
[DEBUG] [Seaf] 2014-03-14 14-03-14 p18nを有効にしました ...port/project/seaf/src/Seaf.php 140
[DEBUG] [Seaf] 2014-03-14 14-03-14 正常終了しました ...port/project/seaf/src/Seaf.php 108
[DEBUG] [Seaf] 2014-03-14 14-03-49 起動 ...port/project/seaf/src/Seaf.php 78
[DEBUG] [Seaf] 2014-03-14 14-03-49 p18nを有効にしました ...port/project/seaf/src/Seaf.php 140
[EMERGENCY] [PHP] 2014-03-14 14-03-49 Class 'Seaf\Environment\DI' not found rc/Environment/Environment.php 22 ...port/project/seaf/src/Seaf.php 105
[DEBUG] [Seaf] 2014-03-14 14-03-49 エラー終了しました ...port/project/seaf/src/Seaf.php 106
[DEBUG] [Seaf] 2014-03-14 14-05-31 起動 ...port/project/seaf/src/Seaf.php 78
[DEBUG] [Seaf] 2014-03-14 14-05-31 p18nを有効にしました ...port/project/seaf/src/Seaf.php 140
[EMERGENCY] [PHP] 2014-03-14 14-05-31 Class Seaf\Environment\DI contains 1 abstract method and must therefore be declared abstract or implement the remaining methods (Seaf\Pattern\DI::DICallFallBack) ct/seaf/src/Environment/DI.php 19 ...port/project/seaf/src/Seaf.php 105
[DEBUG] [Seaf] 2014-03-14 14-05-31 エラー終了しました ...port/project/seaf/src/Seaf.php 106
[DEBUG] [Seaf] 2014-03-14 14-05-40 起動 ...port/project/seaf/src/Seaf.php 78
[DEBUG] [Seaf] 2014-03-14 14-05-40 p18nを有効にしました ...port/project/seaf/src/Seaf.php 140
[DEBUG] [Seaf] 2014-03-14 14-05-40 正常終了しました ...port/project/seaf/src/Seaf.php 108
[DEBUG] [Seaf] 2014-03-14 14-05-44 起動 ...port/project/seaf/src/Seaf.php 78
[DEBUG] [Seaf] 2014-03-14 14-05-44 p18nを有効にしました ...port/project/seaf/src/Seaf.php 140
[EMERGENCY] [PHP] 2014-03-14 14-05-44 Class Seaf\Environment\DI contains 1 abstract method and must therefore be declared abstract or implement the remaining methods (Seaf\Pattern\DI::DICallFallBack) ct/seaf/src/Environment/DI.php 19 ...port/project/seaf/src/Seaf.php 105
[DEBUG] [Seaf] 2014-03-14 14-05-44 エラー終了しました ...port/project/seaf/src/Seaf.php 106
[DEBUG] [Seaf] 2014-03-14 14-06-53 起動 ...port/project/seaf/src/Seaf.php 78
[DEBUG] [Seaf] 2014-03-14 14-06-53 p18nを有効にしました ...port/project/seaf/src/Seaf.php 140
[DEBUG] [Seaf] 2014-03-14 14-06-53 正常終了しました ...port/project/seaf/src/Seaf.php 108
[DEBUG] [Seaf] 2014-03-14 14-07-26 起動 ...port/project/seaf/src/Seaf.php 78
[DEBUG] [Seaf] 2014-03-14 14-07-26 p18nを有効にしました ...port/project/seaf/src/Seaf.php 140
[DEBUG] [Seaf] 2014-03-14 14-07-26 正常終了しました ...port/project/seaf/src/Seaf.php 108
[DEBUG] [Seaf] 2014-03-14 14-10-06 起動 ...port/project/seaf/src/Seaf.php 78
[DEBUG] [Seaf] 2014-03-14 14-10-06 p18nを有効にしました ...port/project/seaf/src/Seaf.php 140
[DEBUG] [Seaf] 2014-03-14 14-10-06 正常終了しました ...port/project/seaf/src/Seaf.php 108
[DEBUG] [Seaf] 2014-03-14 14-12-19 起動 ...port/project/seaf/src/Seaf.php 78
[DEBUG] [Seaf] 2014-03-14 14-12-19 p18nを有効にしました ...port/project/seaf/src/Seaf.php 140
[DEBUG] [Seaf] 2014-03-14 14-12-19 正常終了しました ...port/project/seaf/src/Seaf.php 108
[DEBUG] [Seaf] 2014-03-14 14-13-44 起動 ...port/project/seaf/src/Seaf.php 78
[DEBUG] [Seaf] 2014-03-14 14-13-44 p18nを有効にしました ...port/project/seaf/src/Seaf.php 140
[DEBUG] [Seaf] 2014-03-14 14-13-44 正常終了しました ...port/project/seaf/src/Seaf.php 108
[DEBUG] [Seaf] 2014-03-14 14-14-13 起動 ...port/project/seaf/src/Seaf.php 78
[DEBUG] [Seaf] 2014-03-14 14-14-13 p18nを有効にしました ...port/project/seaf/src/Seaf.php 140
[WARNING] [PHP] 2014-03-14 14-14-13 Undefined variable: clas ct/seaf/src/Environment/DI.php 24
[EMERGENCY] [PHP] 2014-03-14 14-14-13 Call to a member function getNamespace() on a non-object ct/seaf/src/Environment/DI.php 24 ...port/project/seaf/src/Seaf.php 105
[DEBUG] [Seaf] 2014-03-14 14-14-13 エラー終了しました ...port/project/seaf/src/Seaf.php 106
[DEBUG] [Seaf] 2014-03-14 14-15-44 起動 ...port/project/seaf/src/Seaf.php 78
[DEBUG] [Seaf] 2014-03-14 14-15-44 p18nを有効にしました ...port/project/seaf/src/Seaf.php 140
[EMERGENCY] [PHP] 2014-03-14 14-15-44 Call to undefined method Seaf\Kernel\Module\SeafReflectionClass::getNamespace() ct/seaf/src/Environment/DI.php 24 ...port/project/seaf/src/Seaf.php 105
[DEBUG] [Seaf] 2014-03-14 14-15-44 エラー終了しました ...port/project/seaf/src/Seaf.php 106
[DEBUG] [Seaf] 2014-03-14 14-16-45 起動 ...port/project/seaf/src/Seaf.php 78
[DEBUG] [Seaf] 2014-03-14 14-16-45 p18nを有効にしました ...port/project/seaf/src/Seaf.php 140
[DEBUG] [Seaf] 2014-03-14 14-16-45 正常終了しました ...port/project/seaf/src/Seaf.php 108
[DEBUG] [Seaf] 2014-03-14 14-17-34 起動 ...port/project/seaf/src/Seaf.php 78
[DEBUG] [Seaf] 2014-03-14 14-17-34 p18nを有効にしました ...port/project/seaf/src/Seaf.php 140
[DEBUG] [Seaf] 2014-03-14 14-17-34 正常終了しました ...port/project/seaf/src/Seaf.php 108
[DEBUG] [Seaf] 2014-03-14 14-18-37 起動 ...port/project/seaf/src/Seaf.php 78
[DEBUG] [Seaf] 2014-03-14 14-18-37 p18nを有効にしました ...port/project/seaf/src/Seaf.php 140
[DEBUG] [Seaf] 2014-03-14 14-18-37 正常終了しました ...port/project/seaf/src/Seaf.php 108
[DEBUG] [Seaf] 2014-03-14 14-18-54 起動 ...port/project/seaf/src/Seaf.php 78
[DEBUG] [Seaf] 2014-03-14 14-18-54 p18nを有効にしました ...port/project/seaf/src/Seaf.php 140
[DEBUG] [Seaf] 2014-03-14 14-18-54 正常終了しました ...port/project/seaf/src/Seaf.php 108
[DEBUG] [Seaf] 2014-03-14 14-19-49 起動 ...port/project/seaf/src/Seaf.php 78
[DEBUG] [Seaf] 2014-03-14 14-19-49 p18nを有効にしました ...port/project/seaf/src/Seaf.php 140
[DEBUG] [Seaf] 2014-03-14 14-19-49 正常終了しました ...port/project/seaf/src/Seaf.php 108
[DEBUG] [Seaf] 2014-03-14 14-20-08 起動 ...port/project/seaf/src/Seaf.php 78
[DEBUG] [Seaf] 2014-03-14 14-20-08 p18nを有効にしました ...port/project/seaf/src/Seaf.php 140
[EMERGENCY] [PHP] 2014-03-14 14-20-08 syntax error, unexpected ';' ct/seaf/src/Environment/DI.php 25 ...port/project/seaf/src/Seaf.php 105
[DEBUG] [Seaf] 2014-03-14 14-20-08 エラー終了しました ...port/project/seaf/src/Seaf.php 106
[DEBUG] [Seaf] 2014-03-14 14-20-14 起動 ...port/project/seaf/src/Seaf.php 78
[DEBUG] [Seaf] 2014-03-14 14-20-14 p18nを有効にしました ...port/project/seaf/src/Seaf.php 140
[DEBUG] [Seaf] 2014-03-14 14-20-14 正常終了しました ...port/project/seaf/src/Seaf.php 108
[DEBUG] [Seaf] 2014-03-14 14-23-45 起動 ...port/project/seaf/src/Seaf.php 78
[DEBUG] [Seaf] 2014-03-14 14-23-45 p18nを有効にしました ...port/project/seaf/src/Seaf.php 140
[DEBUG] [Seaf] 2014-03-14 14-23-45 正常終了しました ...port/project/seaf/src/Seaf.php 108
[DEBUG] [Seaf] 2014-03-14 14-24-30 起動 ...port/project/seaf/src/Seaf.php 78
[DEBUG] [Seaf] 2014-03-14 14-24-30 p18nを有効にしました ...port/project/seaf/src/Seaf.php 140
[DEBUG] [Seaf] 2014-03-14 14-24-31 正常終了しました ...port/project/seaf/src/Seaf.php 108
[DEBUG] [Seaf] 2014-03-14 14-25-49 起動 ...port/project/seaf/src/Seaf.php 78
[DEBUG] [Seaf] 2014-03-14 14-25-49 p18nを有効にしました ...port/project/seaf/src/Seaf.php 140
[DEBUG] [Seaf] 2014-03-14 14-25-49 正常終了しました ...port/project/seaf/src/Seaf.php 108
[DEBUG] [Seaf] 2014-03-14 14-26-01 起動 ...port/project/seaf/src/Seaf.php 78
[DEBUG] [Seaf] 2014-03-14 14-26-01 p18nを有効にしました ...port/project/seaf/src/Seaf.php 140
[EMERGENCY] [PHP] 2014-03-14 14-26-01 Maximum function nesting level of '100' reached, aborting! /src/Pattern/DynamicMethod.php 63 ...port/project/seaf/src/Seaf.php 105
[DEBUG] [Seaf] 2014-03-14 14-26-01 エラー終了しました ...port/project/seaf/src/Seaf.php 106
[DEBUG] [Seaf] 2014-03-14 14-26-08 起動 ...port/project/seaf/src/Seaf.php 78
[DEBUG] [Seaf] 2014-03-14 14-26-08 p18nを有効にしました ...port/project/seaf/src/Seaf.php 140
[EMERGENCY] [PHP] 2014-03-14 14-26-08 Maximum function nesting level of '100' reached, aborting! /src/Pattern/DynamicMethod.php 63 ...port/project/seaf/src/Seaf.php 105
[DEBUG] [Seaf] 2014-03-14 14-26-08 エラー終了しました ...port/project/seaf/src/Seaf.php 106
[DEBUG] [Seaf] 2014-03-14 14-26-17 起動 ...port/project/seaf/src/Seaf.php 78
[DEBUG] [Seaf] 2014-03-14 14-26-17 p18nを有効にしました ...port/project/seaf/src/Seaf.php 140
[DEBUG] [Seaf] 2014-03-14 14-26-17 正常終了しました ...port/project/seaf/src/Seaf.php 108
[DEBUG] [Seaf] 2014-03-14 14-26-46 起動 ...port/project/seaf/src/Seaf.php 78
[DEBUG] [Seaf] 2014-03-14 14-26-46 p18nを有効にしました ...port/project/seaf/src/Seaf.php 140
[DEBUG] [Seaf] 2014-03-14 14-26-46 正常終了しました ...port/project/seaf/src/Seaf.php 108
[DEBUG] [Seaf] 2014-03-14 14-27-01 起動 ...port/project/seaf/src/Seaf.php 78
[DEBUG] [Seaf] 2014-03-14 14-27-01 p18nを有効にしました ...port/project/seaf/src/Seaf.php 140
[DEBUG] [Seaf] 2014-03-14 14-27-01 正常終了しました ...port/project/seaf/src/Seaf.php 108
[DEBUG] [Seaf] 2014-03-14 14-27-06 起動 ...port/project/seaf/src/Seaf.php 78
[DEBUG] [Seaf] 2014-03-14 14-27-06 p18nを有効にしました ...port/project/seaf/src/Seaf.php 140
[DEBUG] [Seaf] 2014-03-14 14-27-06 正常終了しました ...port/project/seaf/src/Seaf.php 108
[DEBUG] [Seaf] 2014-03-14 14-27-14 起動 ...port/project/seaf/src/Seaf.php 78
[DEBUG] [Seaf] 2014-03-14 14-27-14 p18nを有効にしました ...port/project/seaf/src/Seaf.php 140
[DEBUG] [Seaf] 2014-03-14 14-27-14 正常終了しました ...port/project/seaf/src/Seaf.php 108
[DEBUG] [Seaf] 2014-03-14 14-29-04 起動 ...port/project/seaf/src/Seaf.php 78
[DEBUG] [Seaf] 2014-03-14 14-29-04 p18nを有効にしました ...port/project/seaf/src/Seaf.php 140
[EMERGENCY] [PHP] 2014-03-14 14-29-04 Call to a member function create() on a non-object roject/seaf/src/Pattern/DI.php 53 ...port/project/seaf/src/Seaf.php 105
[DEBUG] [Seaf] 2014-03-14 14-29-04 エラー終了しました ...port/project/seaf/src/Seaf.php 106
[DEBUG] [Seaf] 2014-03-14 14-29-52 起動 ...port/project/seaf/src/Seaf.php 78
[DEBUG] [Seaf] 2014-03-14 14-29-52 p18nを有効にしました ...port/project/seaf/src/Seaf.php 140
[DEBUG] [Seaf] 2014-03-14 14-29-52 正常終了しました ...port/project/seaf/src/Seaf.php 108
[DEBUG] [Seaf] 2014-03-14 14-30-32 起動 ...port/project/seaf/src/Seaf.php 78
[DEBUG] [Seaf] 2014-03-14 14-30-32 p18nを有効にしました ...port/project/seaf/src/Seaf.php 140
[DEBUG] [Seaf] 2014-03-14 14-30-32 正常終了しました ...port/project/seaf/src/Seaf.php 108
[DEBUG] [Seaf] 2014-03-14 14-30-57 起動 ...port/project/seaf/src/Seaf.php 78
[DEBUG] [Seaf] 2014-03-14 14-30-57 p18nを有効にしました ...port/project/seaf/src/Seaf.php 140
[EMERGENCY] [PHP] 2014-03-14 14-30-57 Call to a member function create() on a non-object roject/seaf/src/Pattern/DI.php 53 ...port/project/seaf/src/Seaf.php 105
[DEBUG] [Seaf] 2014-03-14 14-30-57 エラー終了しました ...port/project/seaf/src/Seaf.php 106
[DEBUG] [Seaf] 2014-03-14 14-31-21 起動 ...port/project/seaf/src/Seaf.php 78
[DEBUG] [Seaf] 2014-03-14 14-31-21 p18nを有効にしました ...port/project/seaf/src/Seaf.php 140
[EMERGENCY] [PHP] 2014-03-14 14-31-21 Call to a member function create() on a non-object roject/seaf/src/Pattern/DI.php 53 ...port/project/seaf/src/Seaf.php 105
[DEBUG] [Seaf] 2014-03-14 14-31-21 エラー終了しました ...port/project/seaf/src/Seaf.php 106
[DEBUG] [Seaf] 2014-03-14 14-32-29 起動 ...port/project/seaf/src/Seaf.php 78
[DEBUG] [Seaf] 2014-03-14 14-32-29 p18nを有効にしました ...port/project/seaf/src/Seaf.php 140
[EMERGENCY] [PHP] 2014-03-14 14-32-29 Call to a member function create() on a non-object roject/seaf/src/Pattern/DI.php 53 ...port/project/seaf/src/Seaf.php 105
[DEBUG] [Seaf] 2014-03-14 14-32-29 エラー終了しました ...port/project/seaf/src/Seaf.php 106
[DEBUG] [Seaf] 2014-03-14 14-32-50 起動 ...port/project/seaf/src/Seaf.php 78
[DEBUG] [Seaf] 2014-03-14 14-32-50 p18nを有効にしました ...port/project/seaf/src/Seaf.php 140
[EMERGENCY] [PHP] 2014-03-14 14-32-50 Call to a member function create() on a non-object roject/seaf/src/Pattern/DI.php 53 ...port/project/seaf/src/Seaf.php 105
[DEBUG] [Seaf] 2014-03-14 14-32-50 エラー終了しました ...port/project/seaf/src/Seaf.php 106
[DEBUG] [Seaf] 2014-03-14 14-34-00 起動 ...port/project/seaf/src/Seaf.php 78
[DEBUG] [Seaf] 2014-03-14 14-34-00 p18nを有効にしました ...port/project/seaf/src/Seaf.php 140
[EMERGENCY] [PHP] 2014-03-14 14-34-00 Call to a member function create() on a non-object roject/seaf/src/Pattern/DI.php 54 ...port/project/seaf/src/Seaf.php 105
[DEBUG] [Seaf] 2014-03-14 14-34-00 エラー終了しました ...port/project/seaf/src/Seaf.php 106
[DEBUG] [Seaf] 2014-03-14 14-34-17 起動 ...port/project/seaf/src/Seaf.php 78
[DEBUG] [Seaf] 2014-03-14 14-34-17 p18nを有効にしました ...port/project/seaf/src/Seaf.php 140
[WARNING] [PHP] 2014-03-14 14-34-17 Missing argument 1 for Seaf\Logger\Logger::__invoke() ect/seaf/src/Logger/Logger.php 38
[WARNING] [PHP] 2014-03-14 14-34-17 Undefined variable: name ect/seaf/src/Logger/Logger.php 40
[DEBUG] [Seaf] 2014-03-14 14-34-17 正常終了しました ...port/project/seaf/src/Seaf.php 108
[DEBUG] [Seaf] 2014-03-14 14-34-25 起動 ...port/project/seaf/src/Seaf.php 78
[DEBUG] [Seaf] 2014-03-14 14-34-25 p18nを有効にしました ...port/project/seaf/src/Seaf.php 140
[WARNING] [PHP] 2014-03-14 14-34-25 Missing argument 1 for Seaf\Logger\Logger::__invoke() ect/seaf/src/Logger/Logger.php 38
[WARNING] [PHP] 2014-03-14 14-34-25 Undefined variable: name ect/seaf/src/Logger/Logger.php 40
[DEBUG] [Seaf] 2014-03-14 14-34-25 正常終了しました ...port/project/seaf/src/Seaf.php 108
[DEBUG] [Seaf] 2014-03-14 14-34-57 起動 ...port/project/seaf/src/Seaf.php 78
[DEBUG] [Seaf] 2014-03-14 14-34-57 p18nを有効にしました ...port/project/seaf/src/Seaf.php 140
[WARNING] [PHP] 2014-03-14 14-34-57 Missing argument 1 for Seaf\Logger\Logger::__invoke() ect/seaf/src/Logger/Logger.php 38
[WARNING] [PHP] 2014-03-14 14-34-57 Undefined variable: name ect/seaf/src/Logger/Logger.php 40
[DEBUG] [Seaf] 2014-03-14 14-34-57 正常終了しました ...port/project/seaf/src/Seaf.php 108
[DEBUG] [Seaf] 2014-03-14 14-35-04 起動 ...port/project/seaf/src/Seaf.php 78
[DEBUG] [Seaf] 2014-03-14 14-35-04 p18nを有効にしました ...port/project/seaf/src/Seaf.php 140
[WARNING] [PHP] 2014-03-14 14-35-04 Missing argument 1 for Seaf\Logger\Logger::__invoke() ect/seaf/src/Logger/Logger.php 38
[WARNING] [PHP] 2014-03-14 14-35-04 Undefined variable: name ect/seaf/src/Logger/Logger.php 40
[DEBUG] [Seaf] 2014-03-14 14-35-04 正常終了しました ...port/project/seaf/src/Seaf.php 108
[DEBUG] [Seaf] 2014-03-14 14-35-12 起動 ...port/project/seaf/src/Seaf.php 78
[DEBUG] [Seaf] 2014-03-14 14-35-12 p18nを有効にしました ...port/project/seaf/src/Seaf.php 140
[DEBUG] [Seaf] 2014-03-14 14-35-12 正常終了しました ...port/project/seaf/src/Seaf.php 108
[DEBUG] [Seaf] 2014-03-14 14-35-18 起動 ...port/project/seaf/src/Seaf.php 78
[DEBUG] [Seaf] 2014-03-14 14-35-18 p18nを有効にしました ...port/project/seaf/src/Seaf.php 140
[DEBUG] [Seaf] 2014-03-14 14-35-18 正常終了しました ...port/project/seaf/src/Seaf.php 108
[DEBUG] [Seaf] 2014-03-14 14-35-26 起動 ...port/project/seaf/src/Seaf.php 78
[DEBUG] [Seaf] 2014-03-14 14-35-26 p18nを有効にしました ...port/project/seaf/src/Seaf.php 140
[WARNING] [PHP] 2014-03-14 14-35-26 Missing argument 1 for Seaf\Logger\Logger::__invoke() ect/seaf/src/Logger/Logger.php 38
[WARNING] [PHP] 2014-03-14 14-35-26 Undefined variable: name ect/seaf/src/Logger/Logger.php 40
[DEBUG] [Seaf] 2014-03-14 14-35-26 正常終了しました ...port/project/seaf/src/Seaf.php 108
[DEBUG] [Seaf] 2014-03-14 14-35-39 起動 ...port/project/seaf/src/Seaf.php 78
[DEBUG] [Seaf] 2014-03-14 14-35-39 p18nを有効にしました ...port/project/seaf/src/Seaf.php 140
[WARNING] [PHP] 2014-03-14 14-35-39 Missing argument 1 for Seaf\Logger\Logger::__invoke() ect/seaf/src/Logger/Logger.php 38
[WARNING] [PHP] 2014-03-14 14-35-39 Undefined variable: name ect/seaf/src/Logger/Logger.php 40
[DEBUG] [Seaf] 2014-03-14 14-35-39 正常終了しました ...port/project/seaf/src/Seaf.php 108
[DEBUG] [Seaf] 2014-03-14 14-36-11 起動 ...port/project/seaf/src/Seaf.php 78
[DEBUG] [Seaf] 2014-03-14 14-36-11 p18nを有効にしました ...port/project/seaf/src/Seaf.php 140
[WARNING] [PHP] 2014-03-14 14-36-11 Missing argument 1 for Seaf\Logger\Logger::__invoke() ect/seaf/src/Logger/Logger.php 38
[WARNING] [PHP] 2014-03-14 14-36-11 Undefined variable: name ect/seaf/src/Logger/Logger.php 40
[DEBUG] [Seaf] 2014-03-14 14-36-11 正常終了しました ...port/project/seaf/src/Seaf.php 108
[DEBUG] [Seaf] 2014-03-14 14-36-37 起動 ...port/project/seaf/src/Seaf.php 78
[DEBUG] [Seaf] 2014-03-14 14-36-37 p18nを有効にしました ...port/project/seaf/src/Seaf.php 140
[DEBUG] [Seaf] 2014-03-14 14-36-37 正常終了しました ...port/project/seaf/src/Seaf.php 108
[DEBUG] [Seaf] 2014-03-14 14-37-03 起動 ...port/project/seaf/src/Seaf.php 78
[DEBUG] [Seaf] 2014-03-14 14-37-03 p18nを有効にしました ...port/project/seaf/src/Seaf.php 140
[WARNING] [PHP] 2014-03-14 14-37-03 Missing argument 1 for Seaf\Logger\Logger::__invoke() ect/seaf/src/Logger/Logger.php 38
[WARNING] [PHP] 2014-03-14 14-37-03 Undefined variable: name ect/seaf/src/Logger/Logger.php 40
[DEBUG] [Seaf] 2014-03-14 14-37-03 正常終了しました ...port/project/seaf/src/Seaf.php 108
[DEBUG] [Seaf] 2014-03-14 14-37-09 起動 ...port/project/seaf/src/Seaf.php 78
[DEBUG] [Seaf] 2014-03-14 14-37-09 p18nを有効にしました ...port/project/seaf/src/Seaf.php 140
[WARNING] [PHP] 2014-03-14 14-37-09 Missing argument 1 for Seaf\Logger\Logger::__invoke() ect/seaf/src/Logger/Logger.php 38
[WARNING] [PHP] 2014-03-14 14-37-09 Undefined variable: name ect/seaf/src/Logger/Logger.php 40
[DEBUG] [Seaf] 2014-03-14 14-37-09 正常終了しました ...port/project/seaf/src/Seaf.php 108
[DEBUG] [Seaf] 2014-03-14 14-37-18 起動 ...port/project/seaf/src/Seaf.php 78
[DEBUG] [Seaf] 2014-03-14 14-37-18 p18nを有効にしました ...port/project/seaf/src/Seaf.php 140
[WARNING] [PHP] 2014-03-14 14-37-18 Missing argument 1 for Seaf\Logger\Logger::__invoke() ect/seaf/src/Logger/Logger.php 38
[WARNING] [PHP] 2014-03-14 14-37-18 Undefined variable: name ect/seaf/src/Logger/Logger.php 40
[DEBUG] [Seaf] 2014-03-14 14-37-18 正常終了しました ...port/project/seaf/src/Seaf.php 108
[DEBUG] [Seaf] 2014-03-14 14-38-09 起動 ...port/project/seaf/src/Seaf.php 78
[DEBUG] [Seaf] 2014-03-14 14-38-09 p18nを有効にしました ...port/project/seaf/src/Seaf.php 140
[WARNING] [PHP] 2014-03-14 14-38-09 Missing argument 1 for Seaf\Logger\Logger::__invoke() ect/seaf/src/Logger/Logger.php 38
[WARNING] [PHP] 2014-03-14 14-38-09 Undefined variable: name ect/seaf/src/Logger/Logger.php 40
[DEBUG] [Seaf] 2014-03-14 14-38-09 正常終了しました ...port/project/seaf/src/Seaf.php 108
[DEBUG] [Seaf] 2014-03-14 14-38-34 起動 ...port/project/seaf/src/Seaf.php 78
[DEBUG] [Seaf] 2014-03-14 14-38-34 p18nを有効にしました ...port/project/seaf/src/Seaf.php 140
[WARNING] [PHP] 2014-03-14 14-38-34 Missing argument 1 for Seaf\Logger\Logger::__invoke() ect/seaf/src/Logger/Logger.php 38
[WARNING] [PHP] 2014-03-14 14-38-34 Undefined variable: name ect/seaf/src/Logger/Logger.php 40
[DEBUG] [Seaf] 2014-03-14 14-38-34 正常終了しました ...port/project/seaf/src/Seaf.php 108
[DEBUG] [Seaf] 2014-03-14 14-38-56 起動 ...port/project/seaf/src/Seaf.php 78
[DEBUG] [Seaf] 2014-03-14 14-38-56 p18nを有効にしました ...port/project/seaf/src/Seaf.php 140
[WARNING] [PHP] 2014-03-14 14-38-56 Missing argument 1 for Seaf\Logger\Logger::__invoke() ect/seaf/src/Logger/Logger.php 38
[WARNING] [PHP] 2014-03-14 14-38-56 Undefined variable: name ect/seaf/src/Logger/Logger.php 40
[DEBUG] [Seaf] 2014-03-14 14-38-56 正常終了しました ...port/project/seaf/src/Seaf.php 108
[DEBUG] [Seaf] 2014-03-14 14-39-05 起動 ...port/project/seaf/src/Seaf.php 78
[DEBUG] [Seaf] 2014-03-14 14-39-05 p18nを有効にしました ...port/project/seaf/src/Seaf.php 140
[WARNING] [PHP] 2014-03-14 14-39-05 Missing argument 1 for Seaf\Logger\Logger::__invoke() ect/seaf/src/Logger/Logger.php 38
[WARNING] [PHP] 2014-03-14 14-39-05 Undefined variable: name ect/seaf/src/Logger/Logger.php 40
[DEBUG] [Seaf] 2014-03-14 14-39-05 正常終了しました ...port/project/seaf/src/Seaf.php 108
[DEBUG] [Seaf] 2014-03-14 14-39-10 起動 ...port/project/seaf/src/Seaf.php 78
[DEBUG] [Seaf] 2014-03-14 14-39-10 p18nを有効にしました ...port/project/seaf/src/Seaf.php 140
[WARNING] [PHP] 2014-03-14 14-39-10 Missing argument 1 for Seaf\Logger\Logger::__invoke() ect/seaf/src/Logger/Logger.php 38
[WARNING] [PHP] 2014-03-14 14-39-10 Undefined variable: name ect/seaf/src/Logger/Logger.php 40
[DEBUG] [Seaf] 2014-03-14 14-39-10 正常終了しました ...port/project/seaf/src/Seaf.php 108
[DEBUG] [Seaf] 2014-03-14 14-39-23 起動 ...port/project/seaf/src/Seaf.php 78
[DEBUG] [Seaf] 2014-03-14 14-39-23 p18nを有効にしました ...port/project/seaf/src/Seaf.php 140
[DEBUG] [Seaf] 2014-03-14 14-39-23 正常終了しました ...port/project/seaf/src/Seaf.php 108
[DEBUG] [Seaf] 2014-03-14 14-39-36 起動 ...port/project/seaf/src/Seaf.php 78
[DEBUG] [Seaf] 2014-03-14 14-39-36 p18nを有効にしました ...port/project/seaf/src/Seaf.php 140
[DEBUG] [Seaf] 2014-03-14 14-39-36 正常終了しました ...port/project/seaf/src/Seaf.php 108
[DEBUG] [Seaf] 2014-03-14 14-41-48 起動 ...port/project/seaf/src/Seaf.php 78
[DEBUG] [Seaf] 2014-03-14 14-41-48 p18nを有効にしました ...port/project/seaf/src/Seaf.php 140
[DEBUG] [Seaf] 2014-03-14 14-41-48 正常終了しました ...port/project/seaf/src/Seaf.php 108
[DEBUG] [Seaf] 2014-03-14 14-42-05 起動 ...port/project/seaf/src/Seaf.php 78
[DEBUG] [Seaf] 2014-03-14 14-42-05 p18nを有効にしました ...port/project/seaf/src/Seaf.php 140
[DEBUG] [Seaf] 2014-03-14 14-42-05 正常終了しました ...port/project/seaf/src/Seaf.php 108
[DEBUG] [Seaf] 2014-03-14 14-42-14 起動 ...port/project/seaf/src/Seaf.php 78
[DEBUG] [Seaf] 2014-03-14 14-42-14 p18nを有効にしました ...port/project/seaf/src/Seaf.php 140
[DEBUG] [Seaf] 2014-03-14 14-42-14 正常終了しました ...port/project/seaf/src/Seaf.php 108
[DEBUG] [Seaf] 2014-03-14 14-42-57 起動 ...port/project/seaf/src/Seaf.php 78
[DEBUG] [Seaf] 2014-03-14 14-42-57 p18nを有効にしました ...port/project/seaf/src/Seaf.php 140
[DEBUG] [Seaf] 2014-03-14 14-42-57 正常終了しました ...port/project/seaf/src/Seaf.php 108
[DEBUG] [Seaf] 2014-03-14 14-43-15 起動 ...port/project/seaf/src/Seaf.php 78
[DEBUG] [Seaf] 2014-03-14 14-43-15 p18nを有効にしました ...port/project/seaf/src/Seaf.php 140
[DEBUG] [Seaf] 2014-03-14 14-43-15 正常終了しました ...port/project/seaf/src/Seaf.php 108
[DEBUG] [Seaf] 2014-03-14 14-44-01 起動 ...port/project/seaf/src/Seaf.php 78
[DEBUG] [Seaf] 2014-03-14 14-44-01 p18nを有効にしました ...port/project/seaf/src/Seaf.php 140
[DEBUG] [Seaf] 2014-03-14 14-44-01 正常終了しました ...port/project/seaf/src/Seaf.php 108
[DEBUG] [Seaf] 2014-03-14 14-44-16 起動 ...port/project/seaf/src/Seaf.php 78
[DEBUG] [Seaf] 2014-03-14 14-44-16 p18nを有効にしました ...port/project/seaf/src/Seaf.php 140
[DEBUG] [Seaf] 2014-03-14 14-44-16 正常終了しました ...port/project/seaf/src/Seaf.php 108
[DEBUG] [Seaf] 2014-03-14 14-44-30 起動 ...port/project/seaf/src/Seaf.php 78
[DEBUG] [Seaf] 2014-03-14 14-44-30 p18nを有効にしました ...port/project/seaf/src/Seaf.php 140
[DEBUG] [Seaf] 2014-03-14 14-44-30 正常終了しました ...port/project/seaf/src/Seaf.php 108
[DEBUG] [Seaf] 2014-03-14 14-44-50 起動 ...port/project/seaf/src/Seaf.php 78
[DEBUG] [Seaf] 2014-03-14 14-44-50 p18nを有効にしました ...port/project/seaf/src/Seaf.php 140
[DEBUG] [Seaf] 2014-03-14 14-44-50 正常終了しました ...port/project/seaf/src/Seaf.php 108
[DEBUG] [Seaf] 2014-03-14 14-44-56 起動 ...port/project/seaf/src/Seaf.php 78
[DEBUG] [Seaf] 2014-03-14 14-44-56 p18nを有効にしました ...port/project/seaf/src/Seaf.php 140
[DEBUG] [Seaf] 2014-03-14 14-44-56 正常終了しました ...port/project/seaf/src/Seaf.php 108
[DEBUG] [Seaf] 2014-03-14 14-45-06 起動 ...port/project/seaf/src/Seaf.php 78
[DEBUG] [Seaf] 2014-03-14 14-45-06 p18nを有効にしました ...port/project/seaf/src/Seaf.php 140
[EMERGENCY] [PHP] 2014-03-14 14-45-06 syntax error, unexpected ')' ct/seaf/src/Environment/DI.php 75 ...port/project/seaf/src/Seaf.php 105
[DEBUG] [Seaf] 2014-03-14 14-45-06 エラー終了しました ...port/project/seaf/src/Seaf.php 106
[DEBUG] [Seaf] 2014-03-14 14-45-16 起動 ...port/project/seaf/src/Seaf.php 78
[DEBUG] [Seaf] 2014-03-14 14-45-16 p18nを有効にしました ...port/project/seaf/src/Seaf.php 140
[DEBUG] [Seaf] 2014-03-14 14-45-16 正常終了しました ...port/project/seaf/src/Seaf.php 108
[DEBUG] [Seaf] 2014-03-14 14-49-16 起動 ...port/project/seaf/src/Seaf.php 78
[DEBUG] [Seaf] 2014-03-14 14-49-16 p18nを有効にしました ...port/project/seaf/src/Seaf.php 140
[DEBUG] [Seaf] 2014-03-14 14-49-16 正常終了しました ...port/project/seaf/src/Seaf.php 108
[DEBUG] [Seaf] 2014-03-14 14-49-30 起動 ...port/project/seaf/src/Seaf.php 78
[DEBUG] [Seaf] 2014-03-14 14-49-30 p18nを有効にしました ...port/project/seaf/src/Seaf.php 140
[DEBUG] [Seaf] 2014-03-14 14-49-30 正常終了しました ...port/project/seaf/src/Seaf.php 108
[DEBUG] [Seaf] 2014-03-14 14-49-58 起動 ...port/project/seaf/src/Seaf.php 78
[DEBUG] [Seaf] 2014-03-14 14-49-58 p18nを有効にしました ...port/project/seaf/src/Seaf.php 140
[DEBUG] [Seaf] 2014-03-14 14-49-59 正常終了しました ...port/project/seaf/src/Seaf.php 108
[DEBUG] [Seaf] 2014-03-14 14-50-52 起動 ...port/project/seaf/src/Seaf.php 78
[DEBUG] [Seaf] 2014-03-14 14-50-52 p18nを有効にしました ...port/project/seaf/src/Seaf.php 140
[DEBUG] [Seaf] 2014-03-14 14-50-52 正常終了しました ...port/project/seaf/src/Seaf.php 108
[DEBUG] [Seaf] 2014-03-14 14-51-17 起動 ...port/project/seaf/src/Seaf.php 78
[DEBUG] [Seaf] 2014-03-14 14-51-17 p18nを有効にしました ...port/project/seaf/src/Seaf.php 140
[DEBUG] [Seaf] 2014-03-14 14-51-17 正常終了しました ...port/project/seaf/src/Seaf.php 108
[DEBUG] [Seaf] 2014-03-14 14-51-58 起動 ...port/project/seaf/src/Seaf.php 78
[DEBUG] [Seaf] 2014-03-14 14-51-58 p18nを有効にしました ...port/project/seaf/src/Seaf.php 140
[WARNING] [PHP] 2014-03-14 14-51-58 Missing argument 1 for Seaf\Logger\Logger::__invoke() ect/seaf/src/Logger/Logger.php 38
[WARNING] [PHP] 2014-03-14 14-51-58 Undefined variable: name ect/seaf/src/Logger/Logger.php 40
[WARNING] [PHP] 2014-03-14 14-51-58 Missing argument 1 for Seaf\Logger\Logger::__invoke() ect/seaf/src/Logger/Logger.php 38
[WARNING] [PHP] 2014-03-14 14-51-58 Undefined variable: name ect/seaf/src/Logger/Logger.php 40
[DEBUG] [Seaf] 2014-03-14 14-51-58 正常終了しました ...port/project/seaf/src/Seaf.php 108
[DEBUG] [Seaf] 2014-03-14 14-52-14 起動 ...port/project/seaf/src/Seaf.php 78
[DEBUG] [Seaf] 2014-03-14 14-52-14 p18nを有効にしました ...port/project/seaf/src/Seaf.php 140
[WARNING] [PHP] 2014-03-14 14-52-14 Missing argument 1 for Seaf\Logger\Logger::__invoke() ect/seaf/src/Logger/Logger.php 38
[WARNING] [PHP] 2014-03-14 14-52-14 Undefined variable: name ect/seaf/src/Logger/Logger.php 40
[DEBUG] [Seaf] 2014-03-14 14-52-14 正常終了しました ...port/project/seaf/src/Seaf.php 108
[DEBUG] [Seaf] 2014-03-14 14-53-23 起動 ...port/project/seaf/src/Seaf.php 78
[DEBUG] [Seaf] 2014-03-14 14-53-23 p18nを有効にしました ...port/project/seaf/src/Seaf.php 140
[DEBUG] [Seaf] 2014-03-14 14-53-23 正常終了しました ...port/project/seaf/src/Seaf.php 108
[DEBUG] [Seaf] 2014-03-14 14-55-47 起動 ...port/project/seaf/src/Seaf.php 78
[DEBUG] [Seaf] 2014-03-14 14-55-47 p18nを有効にしました ...port/project/seaf/src/Seaf.php 140
[DEBUG] [Seaf] 2014-03-14 14-55-47 正常終了しました ...port/project/seaf/src/Seaf.php 108
[DEBUG] [Seaf] 2014-03-14 14-57-13 起動 ...port/project/seaf/src/Seaf.php 78
[DEBUG] [Seaf] 2014-03-14 14-57-13 p18nを有効にしました ...port/project/seaf/src/Seaf.php 140
[DEBUG] [Seaf] 2014-03-14 14-57-13 正常終了しました ...port/project/seaf/src/Seaf.php 108
[DEBUG] [Seaf] 2014-03-14 14-57-33 起動 ...port/project/seaf/src/Seaf.php 78
[DEBUG] [Seaf] 2014-03-14 14-57-33 p18nを有効にしました ...port/project/seaf/src/Seaf.php 140
[WARNING] [PHP] 2014-03-14 14-57-34 Missing argument 1 for Seaf\Logger\Logger::__invoke() ect/seaf/src/Logger/Logger.php 38
[WARNING] [PHP] 2014-03-14 14-57-34 Undefined variable: name ect/seaf/src/Logger/Logger.php 40
[DEBUG] [Seaf] 2014-03-14 14-57-34 正常終了しました ...port/project/seaf/src/Seaf.php 108
[DEBUG] [Seaf] 2014-03-14 14-59-17 起動 ...port/project/seaf/src/Seaf.php 78
[DEBUG] [Seaf] 2014-03-14 14-59-17 p18nを有効にしました ...port/project/seaf/src/Seaf.php 140
[EMERGENCY] [PHP] 2014-03-14 14-59-17 Interface 'Seaf\Environment\Component\ComponentIF' not found vironment/Component/Logger.php 10 ...port/project/seaf/src/Seaf.php 105
[DEBUG] [Seaf] 2014-03-14 14-59-17 エラー終了しました ...port/project/seaf/src/Seaf.php 106
[DEBUG] [Seaf] 2014-03-14 15-00-38 起動 ...port/project/seaf/src/Seaf.php 78
[DEBUG] [Seaf] 2014-03-14 15-00-38 p18nを有効にしました ...port/project/seaf/src/Seaf.php 140
[WARNING] [PHP] 2014-03-14 15-00-38 Missing argument 1 for Seaf\Logger\Logger::__invoke() ect/seaf/src/Logger/Logger.php 38
[WARNING] [PHP] 2014-03-14 15-00-38 Undefined variable: name ect/seaf/src/Logger/Logger.php 40
[DEBUG] [Seaf] 2014-03-14 15-00-38 正常終了しました ...port/project/seaf/src/Seaf.php 108
[DEBUG] [Seaf] 2014-03-14 15-00-45 起動 ...port/project/seaf/src/Seaf.php 78
[DEBUG] [Seaf] 2014-03-14 15-00-45 p18nを有効にしました ...port/project/seaf/src/Seaf.php 140
[WARNING] [PHP] 2014-03-14 15-00-45 Missing argument 1 for Seaf\Logger\Logger::__invoke() ect/seaf/src/Logger/Logger.php 38
[WARNING] [PHP] 2014-03-14 15-00-45 Undefined variable: name ect/seaf/src/Logger/Logger.php 40
[DEBUG] [Seaf] 2014-03-14 15-00-45 正常終了しました ...port/project/seaf/src/Seaf.php 108
[DEBUG] [Seaf] 2014-03-14 15-01-14 起動 ...port/project/seaf/src/Seaf.php 78
[DEBUG] [Seaf] 2014-03-14 15-01-14 p18nを有効にしました ...port/project/seaf/src/Seaf.php 140
[WARNING] [PHP] 2014-03-14 15-01-14 Missing argument 1 for Seaf\Logger\Logger::__invoke() ect/seaf/src/Logger/Logger.php 38
[WARNING] [PHP] 2014-03-14 15-01-14 Undefined variable: name ect/seaf/src/Logger/Logger.php 40
[WARNING] [PHP] 2014-03-14 15-01-14 Missing argument 1 for Seaf\Logger\Logger::__invoke() ect/seaf/src/Logger/Logger.php 38
[WARNING] [PHP] 2014-03-14 15-01-14 Undefined variable: name ect/seaf/src/Logger/Logger.php 40
[EMERGENCY] [PHP] 2014-03-14 15-01-14 Class 'Seaf\Environment\Component\Kernel' not found vironment/Component/Logger.php 22 ...port/project/seaf/src/Seaf.php 105
[DEBUG] [Seaf] 2014-03-14 15-01-14 エラー終了しました ...port/project/seaf/src/Seaf.php 106
[DEBUG] [Seaf] 2014-03-14 15-01-33 起動 ...port/project/seaf/src/Seaf.php 78
[DEBUG] [Seaf] 2014-03-14 15-01-33 p18nを有効にしました ...port/project/seaf/src/Seaf.php 140
[WARNING] [PHP] 2014-03-14 15-01-33 Missing argument 1 for Seaf\Logger\Logger::__invoke() ect/seaf/src/Logger/Logger.php 38
[WARNING] [PHP] 2014-03-14 15-01-33 Undefined variable: name ect/seaf/src/Logger/Logger.php 40
[WARNING] [PHP] 2014-03-14 15-01-33 Missing argument 1 for Seaf\Logger\Logger::__invoke() ect/seaf/src/Logger/Logger.php 38
[WARNING] [PHP] 2014-03-14 15-01-33 Undefined variable: name ect/seaf/src/Logger/Logger.php 40
[WARNING] [PHP] 2014-03-14 15-01-33 Undefined variable: leve vironment/Component/Logger.php 23
[DEBUG] [Seaf] 2014-03-14 15-01-33 正常終了しました ...port/project/seaf/src/Seaf.php 108
[DEBUG] [Seaf] 2014-03-14 15-02-18 起動 ...port/project/seaf/src/Seaf.php 78
[DEBUG] [Seaf] 2014-03-14 15-02-18 p18nを有効にしました ...port/project/seaf/src/Seaf.php 140
[WARNING] [PHP] 2014-03-14 15-02-18 Undefined variable: leve vironment/Component/Logger.php 23
[DEBUG] [Seaf] 2014-03-14 15-02-18 正常終了しました ...port/project/seaf/src/Seaf.php 108
[DEBUG] [Seaf] 2014-03-14 15-02-32 起動 ...port/project/seaf/src/Seaf.php 78
[DEBUG] [Seaf] 2014-03-14 15-02-32 p18nを有効にしました ...port/project/seaf/src/Seaf.php 140
[DEBUG] [Seaf] 2014-03-14 15-02-32 正常終了しました ...port/project/seaf/src/Seaf.php 108
[DEBUG] [Seaf] 2014-03-14 15-02-46 起動 ...port/project/seaf/src/Seaf.php 78
[DEBUG] [Seaf] 2014-03-14 15-02-46 p18nを有効にしました ...port/project/seaf/src/Seaf.php 140
[DEBUG] [Seaf] 2014-03-14 15-02-46 正常終了しました ...port/project/seaf/src/Seaf.php 108
[DEBUG] [Seaf] 2014-03-14 15-02-55 起動 ...port/project/seaf/src/Seaf.php 78
[DEBUG] [Seaf] 2014-03-14 15-02-55 p18nを有効にしました ...port/project/seaf/src/Seaf.php 140
[DEBUG] [Seaf] 2014-03-14 15-02-55 正常終了しました ...port/project/seaf/src/Seaf.php 108
[DEBUG] [Seaf] 2014-03-14 15-03-02 起動 ...port/project/seaf/src/Seaf.php 78
[DEBUG] [Seaf] 2014-03-14 15-03-02 p18nを有効にしました ...port/project/seaf/src/Seaf.php 140
[DEBUG] [Seaf] 2014-03-14 15-03-02 正常終了しました ...port/project/seaf/src/Seaf.php 108
[DEBUG] [Seaf] 2014-03-14 15-03-10 起動 ...port/project/seaf/src/Seaf.php 78
[DEBUG] [Seaf] 2014-03-14 15-03-10 p18nを有効にしました ...port/project/seaf/src/Seaf.php 140
[DEBUG] [Seaf] 2014-03-14 15-03-10 正常終了しました ...port/project/seaf/src/Seaf.php 108
[DEBUG] [Seaf] 2014-03-14 15-03-40 起動 ...port/project/seaf/src/Seaf.php 78
[DEBUG] [Seaf] 2014-03-14 15-03-40 p18nを有効にしました ...port/project/seaf/src/Seaf.php 140
[DEBUG] [Kernel] 2014-03-14 15-03-40 BBB ...nvironment/EnvironmentTest.php 37
[DEBUG] [Seaf] 2014-03-14 15-03-40 正常終了しました ...port/project/seaf/src/Seaf.php 108
[DEBUG] [Seaf] 2014-03-14 15-04-38 起動 ...port/project/seaf/src/Seaf.php 78
[DEBUG] [Seaf] 2014-03-14 15-04-38 p18nを有効にしました ...port/project/seaf/src/Seaf.php 140
[DEBUG] [Kernel] 2014-03-14 15-04-38 BBB ...nvironment/EnvironmentTest.php 37
[DEBUG] [Seaf] 2014-03-14 15-04-38 正常終了しました ...port/project/seaf/src/Seaf.php 108
[DEBUG] [Seaf] 2014-03-14 15-04-59 起動 ...port/project/seaf/src/Seaf.php 78
[DEBUG] [Seaf] 2014-03-14 15-04-59 p18nを有効にしました ...port/project/seaf/src/Seaf.php 140
[DEBUG] [Kernel] 2014-03-14 15-04-59 BBB ...nvironment/EnvironmentTest.php 37
[DEBUG] [Seaf] 2014-03-14 15-04-59 正常終了しました ...port/project/seaf/src/Seaf.php 108
[DEBUG] [Seaf] 2014-03-14 15-05-06 起動 ...port/project/seaf/src/Seaf.php 78
[DEBUG] [Seaf] 2014-03-14 15-05-06 p18nを有効にしました ...port/project/seaf/src/Seaf.php 140
[DEBUG] [Kernel] 2014-03-14 15-05-07 BBB ...nvironment/EnvironmentTest.php 37
[DEBUG] [Seaf] 2014-03-14 15-05-07 正常終了しました ...port/project/seaf/src/Seaf.php 108
[DEBUG] [Seaf] 2014-03-14 15-05-16 起動 ...port/project/seaf/src/Seaf.php 78
[DEBUG] [Seaf] 2014-03-14 15-05-16 p18nを有効にしました ...port/project/seaf/src/Seaf.php 140
[DEBUG] [Kernel] 2014-03-14 15-05-16 BBB ...nvironment/EnvironmentTest.php 37
[DEBUG] [Seaf] 2014-03-14 15-05-16 正常終了しました ...port/project/seaf/src/Seaf.php 108
[DEBUG] [Seaf] 2014-03-14 15-05-30 起動 ...port/project/seaf/src/Seaf.php 78
[DEBUG] [Seaf] 2014-03-14 15-05-30 p18nを有効にしました ...port/project/seaf/src/Seaf.php 140
[DEBUG] [Kernel] 2014-03-14 15-05-30 BBB ...nvironment/EnvironmentTest.php 37
[WARNING] [PHP] 2014-03-14 15-05-30 Missing argument 2 for Seaf\Environment\Component\Logger::post(), called in /export/project/seaf/src/Environment/EnvironmentTest.php on line 39 and defined vironment/Component/Logger.php 20
[WARNING] [PHP] 2014-03-14 15-05-30 Undefined variable: level vironment/Component/Logger.php 22
[DEBUG] [Seaf] 2014-03-14 15-05-30 正常終了しました ...port/project/seaf/src/Seaf.php 108
[DEBUG] [Seaf] 2014-03-14 15-05-37 起動 ...port/project/seaf/src/Seaf.php 78
[DEBUG] [Seaf] 2014-03-14 15-05-37 p18nを有効にしました ...port/project/seaf/src/Seaf.php 140
[DEBUG] [Kernel] 2014-03-14 15-05-37 BBB ...nvironment/EnvironmentTest.php 37
[DEBUG] [Seaf] 2014-03-14 15-05-37 正常終了しました ...port/project/seaf/src/Seaf.php 108
[DEBUG] [Seaf] 2014-03-14 15-05-48 起動 ...port/project/seaf/src/Seaf.php 78
[DEBUG] [Seaf] 2014-03-14 15-05-48 p18nを有効にしました ...port/project/seaf/src/Seaf.php 140
[DEBUG] [Kernel] 2014-03-14 15-05-48 BBB ...nvironment/EnvironmentTest.php 37
[DEBUG] [Seaf] 2014-03-14 15-05-48 正常終了しました ...port/project/seaf/src/Seaf.php 108
[DEBUG] [Seaf] 2014-03-14 15-06-14 起動 ...port/project/seaf/src/Seaf.php 78
[DEBUG] [Seaf] 2014-03-14 15-06-14 p18nを有効にしました ...port/project/seaf/src/Seaf.php 140
[DEBUG] [Kernel] 2014-03-14 15-06-14 BBB ...nvironment/EnvironmentTest.php 37
[DEBUG] [Seaf] 2014-03-14 15-06-14 正常終了しました ...port/project/seaf/src/Seaf.php 108
[DEBUG] [Seaf] 2014-03-14 15-06-42 起動 ...port/project/seaf/src/Seaf.php 78
[DEBUG] [Seaf] 2014-03-14 15-06-42 p18nを有効にしました ...port/project/seaf/src/Seaf.php 140
[DEBUG] [Kernel] 2014-03-14 15-06-42 BBB ...nvironment/EnvironmentTest.php 38
[DEBUG] [Seaf] 2014-03-14 15-06-42 正常終了しました ...port/project/seaf/src/Seaf.php 108
[DEBUG] [Seaf] 2014-03-14 15-06-54 起動 ...port/project/seaf/src/Seaf.php 78
[DEBUG] [Seaf] 2014-03-14 15-06-54 p18nを有効にしました ...port/project/seaf/src/Seaf.php 140
[DEBUG] [Kernel] 2014-03-14 15-06-54 BBB ...nvironment/EnvironmentTest.php 38
[DEBUG] [Seaf] 2014-03-14 15-06-54 正常終了しました ...port/project/seaf/src/Seaf.php 108
[DEBUG] [Seaf] 2014-03-14 15-07-10 起動 ...port/project/seaf/src/Seaf.php 78
[DEBUG] [Seaf] 2014-03-14 15-07-10 p18nを有効にしました ...port/project/seaf/src/Seaf.php 140
[DEBUG] [Kernel] 2014-03-14 15-07-10 BBB ...vironment/Component/Logger.php 22
[DEBUG] [Kernel] 2014-03-14 15-07-10 BBB ...nvironment/EnvironmentTest.php 38
[DEBUG] [Seaf] 2014-03-14 15-07-10 正常終了しました ...port/project/seaf/src/Seaf.php 108
[DEBUG] [Seaf] 2014-03-14 15-07-39 起動 ...port/project/seaf/src/Seaf.php 78
[DEBUG] [Seaf] 2014-03-14 15-07-39 p18nを有効にしました ...port/project/seaf/src/Seaf.php 140
[DEBUG] [Kernel] 2014-03-14 15-07-39 BBB ...vironment/Component/Logger.php 22
[DEBUG] [Kernel] 2014-03-14 15-07-39 AAA ...ect/seaf/src/Logger/Logger.php 94
[DEBUG] [Kernel] 2014-03-14 15-07-39 BBB ...nvironment/EnvironmentTest.php 38
[DEBUG] [Seaf] 2014-03-14 15-07-39 正常終了しました ...port/project/seaf/src/Seaf.php 108
[DEBUG] [Seaf] 2014-03-14 15-07-52 起動 ...port/project/seaf/src/Seaf.php 78
[DEBUG] [Seaf] 2014-03-14 15-07-52 p18nを有効にしました ...port/project/seaf/src/Seaf.php 140
[DEBUG] [Kernel] 2014-03-14 15-07-52 BBB ...vironment/Component/Logger.php 22
[DEBUG] [Kernel] 2014-03-14 15-07-52 AAA ...ect/seaf/src/Logger/Logger.php 94
[DEBUG] [Kernel] 2014-03-14 15-07-52 BBB ...nvironment/EnvironmentTest.php 38
[DEBUG] [Seaf] 2014-03-14 15-07-52 正常終了しました ...port/project/seaf/src/Seaf.php 108
[DEBUG] [Seaf] 2014-03-14 15-08-02 起動 ...port/project/seaf/src/Seaf.php 78
[DEBUG] [Seaf] 2014-03-14 15-08-02 p18nを有効にしました ...port/project/seaf/src/Seaf.php 140
[DEBUG] [Kernel] 2014-03-14 15-08-02 AAA ...ect/seaf/src/Logger/Logger.php 94
[DEBUG] [Kernel] 2014-03-14 15-08-02 BBB ...nvironment/EnvironmentTest.php 38
[DEBUG] [Seaf] 2014-03-14 15-08-02 正常終了しました ...port/project/seaf/src/Seaf.php 108
[DEBUG] [Seaf] 2014-03-14 15-08-08 起動 ...port/project/seaf/src/Seaf.php 78
[DEBUG] [Seaf] 2014-03-14 15-08-08 p18nを有効にしました ...port/project/seaf/src/Seaf.php 140
[DEBUG] [Kernel] 2014-03-14 15-08-08 AAA ...ect/seaf/src/Logger/Logger.php 94
[DEBUG] [Seaf] 2014-03-14 15-08-08 正常終了しました ...port/project/seaf/src/Seaf.php 108
[DEBUG] [Seaf] 2014-03-14 15-08-14 起動 ...port/project/seaf/src/Seaf.php 78
[DEBUG] [Seaf] 2014-03-14 15-08-14 p18nを有効にしました ...port/project/seaf/src/Seaf.php 140
[DEBUG] [Component] 2014-03-14 15-08-14 AAA ...ect/seaf/src/Logger/Logger.php 94
[DEBUG] [Seaf] 2014-03-14 15-08-14 正常終了しました ...port/project/seaf/src/Seaf.php 108
[DEBUG] [Seaf] 2014-03-14 15-09-30 起動 ...port/project/seaf/src/Seaf.php 78
[DEBUG] [Seaf] 2014-03-14 15-09-30 p18nを有効にしました ...port/project/seaf/src/Seaf.php 140
[EMERGENCY] [PHP] 2014-03-14 15-09-30 Class Seaf\Environment\Component\Logger contains 1 abstract method and must therefore be declared abstract or implement the remaining methods (Seaf\Environment\Component\Logger::initComponent) vironment/Component/Logger.php 25 ...port/project/seaf/src/Seaf.php 105
[DEBUG] [Seaf] 2014-03-14 15-09-30 エラー終了しました ...port/project/seaf/src/Seaf.php 106
[DEBUG] [Seaf] 2014-03-14 15-09-58 起動 ...port/project/seaf/src/Seaf.php 78
[DEBUG] [Seaf] 2014-03-14 15-09-58 p18nを有効にしました ...port/project/seaf/src/Seaf.php 140
[EMERGENCY] [PHP] 2014-03-14 15-09-58 Access type for interface method Seaf\Environment\Component\ComponentIF::initComponent() must be omitted ment/Component/ComponentIF.php 7 ...port/project/seaf/src/Seaf.php 105
[DEBUG] [Seaf] 2014-03-14 15-09-58 エラー終了しました ...port/project/seaf/src/Seaf.php 106
[DEBUG] [Seaf] 2014-03-14 15-10-08 起動 ...port/project/seaf/src/Seaf.php 78
[DEBUG] [Seaf] 2014-03-14 15-10-08 p18nを有効にしました ...port/project/seaf/src/Seaf.php 140
[EMERGENCY] [PHP] 2014-03-14 15-10-08 Access type for interface method Seaf\Environment\Component\ComponentIF::initComponent() must be omitted ment/Component/ComponentIF.php 7 ...port/project/seaf/src/Seaf.php 105
[DEBUG] [Seaf] 2014-03-14 15-10-08 エラー終了しました ...port/project/seaf/src/Seaf.php 106
[DEBUG] [Seaf] 2014-03-14 15-10-23 起動 ...port/project/seaf/src/Seaf.php 78
[DEBUG] [Seaf] 2014-03-14 15-10-23 p18nを有効にしました ...port/project/seaf/src/Seaf.php 140
[EMERGENCY] [PHP] 2014-03-14 15-10-23 Class Seaf\Environment\Component\Logger contains 1 abstract method and must therefore be declared abstract or implement the remaining methods (Seaf\Environment\Component\Logger::initComponent) vironment/Component/Logger.php 25 ...port/project/seaf/src/Seaf.php 105
[DEBUG] [Seaf] 2014-03-14 15-10-23 エラー終了しました ...port/project/seaf/src/Seaf.php 106
[DEBUG] [Seaf] 2014-03-14 15-11-38 起動 ...port/project/seaf/src/Seaf.php 78
[DEBUG] [Seaf] 2014-03-14 15-11-38 p18nを有効にしました ...port/project/seaf/src/Seaf.php 140
[DEBUG] [Component] 2014-03-14 15-11-38 AAA ...ect/seaf/src/Logger/Logger.php 94
[DEBUG] [Seaf] 2014-03-14 15-11-38 正常終了しました ...port/project/seaf/src/Seaf.php 108
[DEBUG] [Seaf] 2014-03-14 15-11-47 起動 ...port/project/seaf/src/Seaf.php 78
[DEBUG] [Seaf] 2014-03-14 15-11-47 p18nを有効にしました ...port/project/seaf/src/Seaf.php 140
[DEBUG] [] 2014-03-14 15-11-47 AAA ...ect/seaf/src/Logger/Logger.php 94
[DEBUG] [Seaf] 2014-03-14 15-11-47 正常終了しました ...port/project/seaf/src/Seaf.php 108
[DEBUG] [Seaf] 2014-03-14 15-13-30 起動 ...port/project/seaf/src/Seaf.php 78
[DEBUG] [Seaf] 2014-03-14 15-13-30 p18nを有効にしました ...port/project/seaf/src/Seaf.php 140
[EMERGENCY] [PHP] 2014-03-14 15-13-30 syntax error, unexpected 'instanceof' (T_INSTANCEOF) ct/seaf/src/Environment/DI.php 82 ...port/project/seaf/src/Seaf.php 105
[DEBUG] [Seaf] 2014-03-14 15-13-30 エラー終了しました ...port/project/seaf/src/Seaf.php 106
[DEBUG] [Seaf] 2014-03-14 15-15-03 起動 ...port/project/seaf/src/Seaf.php 78
[DEBUG] [Seaf] 2014-03-14 15-15-03 p18nを有効にしました ...port/project/seaf/src/Seaf.php 140
[EMERGENCY] [PHP] 2014-03-14 15-15-03 Maximum function nesting level of '100' reached, aborting! ct/seaf/src/Environment/DI.php 87 ...port/project/seaf/src/Seaf.php 105
[DEBUG] [Seaf] 2014-03-14 15-15-03 エラー終了しました ...port/project/seaf/src/Seaf.php 106
[DEBUG] [Seaf] 2014-03-14 15-15-07 起動 ...port/project/seaf/src/Seaf.php 78
[DEBUG] [Seaf] 2014-03-14 15-15-07 p18nを有効にしました ...port/project/seaf/src/Seaf.php 140
[EMERGENCY] [PHP] 2014-03-14 15-15-07 Maximum function nesting level of '100' reached, aborting! ct/seaf/src/Environment/DI.php 87 ...port/project/seaf/src/Seaf.php 105
[DEBUG] [Seaf] 2014-03-14 15-15-07 エラー終了しました ...port/project/seaf/src/Seaf.php 106
[DEBUG] [Seaf] 2014-03-14 15-15-18 起動 ...port/project/seaf/src/Seaf.php 78
[DEBUG] [Seaf] 2014-03-14 15-15-18 p18nを有効にしました ...port/project/seaf/src/Seaf.php 140
[DEBUG] [Seaf\Environment\Environment] 2014-03-14 15-15-18 AAA ...ect/seaf/src/Logger/Logger.php 94
[DEBUG] [Seaf] 2014-03-14 15-15-18 正常終了しました ...port/project/seaf/src/Seaf.php 108
[DEBUG] [Seaf] 2014-03-14 15-16-14 起動 ...port/project/seaf/src/Seaf.php 78
[DEBUG] [Seaf] 2014-03-14 15-16-14 p18nを有効にしました ...port/project/seaf/src/Seaf.php 140
[DEBUG] [Seaf\Environment\Environment] 2014-03-14 15-16-14 AAA ...ect/seaf/src/Logger/Logger.php 94
[DEBUG] [Seaf] 2014-03-14 15-16-14 正常終了しました ...port/project/seaf/src/Seaf.php 108
[DEBUG] [Seaf] 2014-03-14 15-16-24 起動 ...port/project/seaf/src/Seaf.php 78
[DEBUG] [Seaf] 2014-03-14 15-16-24 p18nを有効にしました ...port/project/seaf/src/Seaf.php 140
[DEBUG] [Seaf] 2014-03-14 15-16-25 正常終了しました ...port/project/seaf/src/Seaf.php 108
[DEBUG] [Seaf] 2014-03-14 15-17-18 起動 ...port/project/seaf/src/Seaf.php 78
[DEBUG] [Seaf] 2014-03-14 15-17-18 p18nを有効にしました ...port/project/seaf/src/Seaf.php 140
[DEBUG] [Seaf] 2014-03-14 15-17-18 正常終了しました ...port/project/seaf/src/Seaf.php 108
[DEBUG] [Seaf] 2014-03-14 15-17-35 起動 ...port/project/seaf/src/Seaf.php 78
[DEBUG] [Seaf] 2014-03-14 15-17-35 p18nを有効にしました ...port/project/seaf/src/Seaf.php 140
[WARNING] [PHP] 2014-03-14 15-17-35 Missing argument 1 for Seaf\Data\Config\Config::__invoke() eaf/src/Data/Config/Config.php 47
[WARNING] [PHP] 2014-03-14 15-17-35 Undefined variable: config eaf/src/Data/Config/Config.php 49
[EMERGENCY] [PHP] 2014-03-14 15-17-35 Call to undefined method Seaf\Kernel\Module\FileSystem::parse() eaf/src/Data/Config/Config.php 50 ...port/project/seaf/src/Seaf.php 105
[DEBUG] [Seaf] 2014-03-14 15-17-35 エラー終了しました ...port/project/seaf/src/Seaf.php 106
[DEBUG] [Seaf] 2014-03-14 15-18-09 起動 ...port/project/seaf/src/Seaf.php 78
[DEBUG] [Seaf] 2014-03-14 15-18-09 p18nを有効にしました ...port/project/seaf/src/Seaf.php 140
[DEBUG] [Seaf] 2014-03-14 15-18-09 正常終了しました ...port/project/seaf/src/Seaf.php 108
[DEBUG] [Seaf] 2014-03-14 15-18-38 起動 ...port/project/seaf/src/Seaf.php 78
[DEBUG] [Seaf] 2014-03-14 15-18-38 p18nを有効にしました ...port/project/seaf/src/Seaf.php 140
[DEBUG] [Seaf] 2014-03-14 15-18-38 正常終了しました ...port/project/seaf/src/Seaf.php 108
[DEBUG] [Seaf] 2014-03-14 15-19-50 起動 ...port/project/seaf/src/Seaf.php 78
[DEBUG] [Seaf] 2014-03-14 15-19-50 p18nを有効にしました ...port/project/seaf/src/Seaf.php 140
[DEBUG] [Seaf] 2014-03-14 15-19-50 正常終了しました ...port/project/seaf/src/Seaf.php 108
